Copyright 1986-2022 Xilinx, Inc. All Rights Reserved.
--------------------------------------------------------------------------------------------
| Tool Version : Vivado v.2022.2 (win64) Build 3671981 Fri Oct 14 05:00:03 MDT 2022
| Date         : Thu Apr  2 10:43:15 2026
| Host         : kiran-kumar-siripurapu running 64-bit major release  (build 9200)
| Command      : report_timing_summary -file scripts/kraken_func_a7/synth_timing_latest.rpt
| Design       : kraken_soc_func_fpga
| Device       : 7a200t-sbg484
| Speed File   : -1  PRODUCTION 1.23 2018-06-13
--------------------------------------------------------------------------------------------

Timing Summary Report

------------------------------------------------------------------------------------------------
| Timer Settings
| --------------
------------------------------------------------------------------------------------------------

  Enable Multi Corner Analysis               :  Yes
  Enable Pessimism Removal                   :  Yes
  Pessimism Removal Resolution               :  Nearest Common Node
  Enable Input Delay Default Clock           :  No
  Enable Preset / Clear Arcs                 :  No
  Disable Flight Delays                      :  No
  Ignore I/O Paths                           :  No
  Timing Early Launch at Borrowing Latches   :  No
  Borrow Time for Max Delay Exceptions       :  Yes
  Merge Timing Exceptions                    :  Yes

  Corner  Analyze    Analyze    
  Name    Max Paths  Min Paths  
  ------  ---------  ---------  
  Slow    Yes        Yes        
  Fast    Yes        Yes        


------------------------------------------------------------------------------------------------
| Report Methodology
| ------------------
------------------------------------------------------------------------------------------------

No report available as report_methodology has not been run prior. Run report_methodology on the current design for the summary of methodology violations.



check_timing report

Table of Contents
-----------------
1. checking no_clock (235856)
2. checking constant_clock (0)
3. checking pulse_width_clock (0)
4. checking unconstrained_internal_endpoints (1515837)
5. checking no_input_delay (1)
6. checking no_output_delay (4)
7. checking multiple_clock (0)
8. checking generated_clocks (0)
9. checking loops (0)
10. checking partial_input_delay (0)
11. checking partial_output_delay (0)
12. checking latch_loops (0)

1. checking no_clock (235856)
-----------------------------
 There are 235752 register/latch pins with no clock driven by root clock pin: clk_i (HIGH)

 There are 6 register/latch pins with no clock driven by root clock pin: i_soc/i_sne/i_sne/evt_engine[0].i_evt_engine/i_memory_sequencer/i_evt_memory_subsystem/evt_kernel_memory/mode_q_reg[0]/Q (HIGH)

 There are 6 register/latch pins with no clock driven by root clock pin: i_soc/i_sne/i_sne/evt_engine[0].i_evt_engine/i_memory_sequencer/i_evt_memory_subsystem/evt_kernel_memory/mode_q_reg[1]/Q (HIGH)

 There is 1 register/latch pin with no clock driven by root clock pin: i_soc/i_sne/i_sne/evt_engine[0].i_evt_engine/i_memory_sequencer/i_evt_memory_subsystem/evt_kernel_memory/wr_en_q_reg/Q (HIGH)

 There are 6 register/latch pins with no clock driven by root clock pin: i_soc/i_sne/i_sne/evt_engine[1].i_evt_engine/i_memory_sequencer/i_evt_memory_subsystem/evt_kernel_memory/mode_q_reg[0]/Q (HIGH)

 There are 6 register/latch pins with no clock driven by root clock pin: i_soc/i_sne/i_sne/evt_engine[1].i_evt_engine/i_memory_sequencer/i_evt_memory_subsystem/evt_kernel_memory/mode_q_reg[1]/Q (HIGH)

 There is 1 register/latch pin with no clock driven by root clock pin: i_soc/i_sne/i_sne/evt_engine[1].i_evt_engine/i_memory_sequencer/i_evt_memory_subsystem/evt_kernel_memory/wr_en_q_reg/Q (HIGH)

 There are 6 register/latch pins with no clock driven by root clock pin: i_soc/i_sne/i_sne/evt_engine[2].i_evt_engine/i_memory_sequencer/i_evt_memory_subsystem/evt_kernel_memory/mode_q_reg[0]/Q (HIGH)

 There are 6 register/latch pins with no clock driven by root clock pin: i_soc/i_sne/i_sne/evt_engine[2].i_evt_engine/i_memory_sequencer/i_evt_memory_subsystem/evt_kernel_memory/mode_q_reg[1]/Q (HIGH)

 There is 1 register/latch pin with no clock driven by root clock pin: i_soc/i_sne/i_sne/evt_engine[2].i_evt_engine/i_memory_sequencer/i_evt_memory_subsystem/evt_kernel_memory/wr_en_q_reg/Q (HIGH)

 There are 6 register/latch pins with no clock driven by root clock pin: i_soc/i_sne/i_sne/evt_engine[3].i_evt_engine/i_memory_sequencer/i_evt_memory_subsystem/evt_kernel_memory/mode_q_reg[0]/Q (HIGH)

 There are 6 register/latch pins with no clock driven by root clock pin: i_soc/i_sne/i_sne/evt_engine[3].i_evt_engine/i_memory_sequencer/i_evt_memory_subsystem/evt_kernel_memory/mode_q_reg[1]/Q (HIGH)

 There is 1 register/latch pin with no clock driven by root clock pin: i_soc/i_sne/i_sne/evt_engine[3].i_evt_engine/i_memory_sequencer/i_evt_memory_subsystem/evt_kernel_memory/wr_en_q_reg/Q (HIGH)

 There are 6 register/latch pins with no clock driven by root clock pin: i_soc/i_sne/i_sne/evt_engine[4].i_evt_engine/i_memory_sequencer/i_evt_memory_subsystem/evt_kernel_memory/mode_q_reg[0]/Q (HIGH)

 There are 6 register/latch pins with no clock driven by root clock pin: i_soc/i_sne/i_sne/evt_engine[4].i_evt_engine/i_memory_sequencer/i_evt_memory_subsystem/evt_kernel_memory/mode_q_reg[1]/Q (HIGH)

 There is 1 register/latch pin with no clock driven by root clock pin: i_soc/i_sne/i_sne/evt_engine[4].i_evt_engine/i_memory_sequencer/i_evt_memory_subsystem/evt_kernel_memory/wr_en_q_reg/Q (HIGH)

 There are 6 register/latch pins with no clock driven by root clock pin: i_soc/i_sne/i_sne/evt_engine[5].i_evt_engine/i_memory_sequencer/i_evt_memory_subsystem/evt_kernel_memory/mode_q_reg[0]/Q (HIGH)

 There are 6 register/latch pins with no clock driven by root clock pin: i_soc/i_sne/i_sne/evt_engine[5].i_evt_engine/i_memory_sequencer/i_evt_memory_subsystem/evt_kernel_memory/mode_q_reg[1]/Q (HIGH)

 There is 1 register/latch pin with no clock driven by root clock pin: i_soc/i_sne/i_sne/evt_engine[5].i_evt_engine/i_memory_sequencer/i_evt_memory_subsystem/evt_kernel_memory/wr_en_q_reg/Q (HIGH)

 There are 6 register/latch pins with no clock driven by root clock pin: i_soc/i_sne/i_sne/evt_engine[6].i_evt_engine/i_memory_sequencer/i_evt_memory_subsystem/evt_kernel_memory/mode_q_reg[0]/Q (HIGH)

 There are 6 register/latch pins with no clock driven by root clock pin: i_soc/i_sne/i_sne/evt_engine[6].i_evt_engine/i_memory_sequencer/i_evt_memory_subsystem/evt_kernel_memory/mode_q_reg[1]/Q (HIGH)

 There is 1 register/latch pin with no clock driven by root clock pin: i_soc/i_sne/i_sne/evt_engine[6].i_evt_engine/i_memory_sequencer/i_evt_memory_subsystem/evt_kernel_memory/wr_en_q_reg/Q (HIGH)

 There are 6 register/latch pins with no clock driven by root clock pin: i_soc/i_sne/i_sne/evt_engine[7].i_evt_engine/i_memory_sequencer/i_evt_memory_subsystem/evt_kernel_memory/mode_q_reg[0]/Q (HIGH)

 There are 6 register/latch pins with no clock driven by root clock pin: i_soc/i_sne/i_sne/evt_engine[7].i_evt_engine/i_memory_sequencer/i_evt_memory_subsystem/evt_kernel_memory/mode_q_reg[1]/Q (HIGH)

 There is 1 register/latch pin with no clock driven by root clock pin: i_soc/i_sne/i_sne/evt_engine[7].i_evt_engine/i_memory_sequencer/i_evt_memory_subsystem/evt_kernel_memory/wr_en_q_reg/Q (HIGH)


2. checking constant_clock (0)
------------------------------
 There are 0 register/latch pins with constant_clock.


3. checking pulse_width_clock (0)
---------------------------------
 There are 0 register/latch pins which need pulse_width check


4. checking unconstrained_internal_endpoints (1515837)
------------------------------------------------------
 There are 1515837 pins that are not constrained for maximum delay. (HIGH)

 There are 0 pins that are not constrained for maximum delay due to constant clock.


5. checking no_input_delay (1)
------------------------------
 There is 1 input port with no input delay specified. (HIGH)

 There are 0 input ports with no input delay but user has a false path constraint.


6. checking no_output_delay (4)
-------------------------------
 There are 4 ports with no output delay specified. (HIGH)

 There are 0 ports with no output delay but user has a false path constraint

 There are 0 ports with no output delay but with a timing clock defined on it or propagating through it


7. checking multiple_clock (0)
------------------------------
 There are 0 register/latch pins with multiple clocks.


8. checking generated_clocks (0)
--------------------------------
 There are 0 generated clocks that are not connected to a clock source.


9. checking loops (0)
---------------------
 There are 0 combinational loops in the design.


10. checking partial_input_delay (0)
------------------------------------
 There are 0 input ports with partial input delay specified.


11. checking partial_output_delay (0)
-------------------------------------
 There are 0 ports with partial output delay specified.


12. checking latch_loops (0)
----------------------------
 There are 0 combinational latch loops in the design through latch input



------------------------------------------------------------------------------------------------
| Design Timing Summary
| ---------------------
------------------------------------------------------------------------------------------------

    WNS(ns)      TNS(ns)  TNS Failing Endpoints  TNS Total Endpoints      WHS(ns)      THS(ns)  THS Failing Endpoints  THS Total Endpoints     WPWS(ns)     TPWS(ns)  TPWS Failing Endpoints  TPWS Total Endpoints  
    -------      -------  ---------------------  -------------------      -------      -------  ---------------------  -------------------     --------     --------  ----------------------  --------------------  
         NA           NA                     NA                   NA           NA           NA                     NA                   NA           NA           NA                      NA                    NA  


There are no user specified timing constraints.


------------------------------------------------------------------------------------------------
| Clock Summary
| -------------
------------------------------------------------------------------------------------------------


------------------------------------------------------------------------------------------------
| Intra Clock Table
| -----------------
------------------------------------------------------------------------------------------------

Clock             WNS(ns)      TNS(ns)  TNS Failing Endpoints  TNS Total Endpoints      WHS(ns)      THS(ns)  THS Failing Endpoints  THS Total Endpoints     WPWS(ns)     TPWS(ns)  TPWS Failing Endpoints  TPWS Total Endpoints  
-----             -------      -------  ---------------------  -------------------      -------      -------  ---------------------  -------------------     --------     --------  ----------------------  --------------------  


------------------------------------------------------------------------------------------------
| Inter Clock Table
| -----------------
------------------------------------------------------------------------------------------------

From Clock    To Clock          WNS(ns)      TNS(ns)  TNS Failing Endpoints  TNS Total Endpoints      WHS(ns)      THS(ns)  THS Failing Endpoints  THS Total Endpoints  
----------    --------          -------      -------  ---------------------  -------------------      -------      -------  ---------------------  -------------------  


------------------------------------------------------------------------------------------------
| Other Path Groups Table
| -----------------------
------------------------------------------------------------------------------------------------

Path Group    From Clock    To Clock          WNS(ns)      TNS(ns)  TNS Failing Endpoints  TNS Total Endpoints      WHS(ns)      THS(ns)  THS Failing Endpoints  THS Total Endpoints  
----------    ----------    --------          -------      -------  ---------------------  -------------------      -------      -------  ---------------------  -------------------  


------------------------------------------------------------------------------------------------
| Timing Details
| --------------
------------------------------------------------------------------------------------------------


