Copyright 1986-2022 Xilinx, Inc. All Rights Reserved.
------------------------------------------------------------------------------------
| Tool Version : Vivado v.2022.2 (win64) Build 3671981 Fri Oct 14 05:00:03 MDT 2022
| Date         : Mon Mar 23 16:40:28 2026
| Host         : kiran-kumar-siripurapu running 64-bit major release  (build 9200)
| Command      : report_timing_summary -file impl_timing.rpt
| Design       : kraken_soc_func_fpga
| Device       : 7a100t-csg324
| Speed File   : -1  PRODUCTION 1.23 2018-06-13
------------------------------------------------------------------------------------

Timing Summary Report

------------------------------------------------------------------------------------------------
| Timer Settings
| --------------
------------------------------------------------------------------------------------------------

  Enable Multi Corner Analysis               :  Yes
  Enable Pessimism Removal                   :  Yes
  Pessimism Removal Resolution               :  Nearest Common Node
  Enable Input Delay Default Clock           :  No
  Enable Preset / Clear Arcs                 :  No
  Disable Flight Delays                      :  No
  Ignore I/O Paths                           :  No
  Timing Early Launch at Borrowing Latches   :  No
  Borrow Time for Max Delay Exceptions       :  Yes
  Merge Timing Exceptions                    :  Yes

  Corner  Analyze    Analyze    
  Name    Max Paths  Min Paths  
  ------  ---------  ---------  
  Slow    Yes        Yes        
  Fast    Yes        Yes        


------------------------------------------------------------------------------------------------
| Report Methodology
| ------------------
------------------------------------------------------------------------------------------------

Rule       Severity  Description                          Violations  
---------  --------  -----------------------------------  ----------  
DPIR-1     Warning   Asynchronous driver check            92          
SYNTH-10   Warning   Wide multiplier                      3           
SYNTH-15   Warning   Byte wide write enable not inferred  66          
SYNTH-16   Warning   Address collision                    66          
TIMING-16  Warning   Large setup violation                1000        
RTGT-1     Advisory  RAM retargeting possibility          74          

Note: This report is based on the most recent report_methodology run and may not be up-to-date. Run report_methodology on the current design for the latest report.



check_timing report

Table of Contents
-----------------
1. checking no_clock (0)
2. checking constant_clock (0)
3. checking pulse_width_clock (0)
4. checking unconstrained_internal_endpoints (0)
5. checking no_input_delay (1)
6. checking no_output_delay (0)
7. checking multiple_clock (0)
8. checking generated_clocks (0)
9. checking loops (0)
10. checking partial_input_delay (0)
11. checking partial_output_delay (0)
12. checking latch_loops (0)

1. checking no_clock (0)
------------------------
 There are 0 register/latch pins with no clock.


2. checking constant_clock (0)
------------------------------
 There are 0 register/latch pins with constant_clock.


3. checking pulse_width_clock (0)
---------------------------------
 There are 0 register/latch pins which need pulse_width check


4. checking unconstrained_internal_endpoints (0)
------------------------------------------------
 There are 0 pins that are not constrained for maximum delay.

 There are 0 pins that are not constrained for maximum delay due to constant clock.


5. checking no_input_delay (1)
------------------------------
 There are 0 input ports with no input delay specified.

 There is 1 input port with no input delay but user has a false path constraint. (MEDIUM)


6. checking no_output_delay (0)
-------------------------------
 There are 0 ports with no output delay specified.

 There are 0 ports with no output delay but user has a false path constraint

 There are 0 ports with no output delay but with a timing clock defined on it or propagating through it


7. checking multiple_clock (0)
------------------------------
 There are 0 register/latch pins with multiple clocks.


8. checking generated_clocks (0)
--------------------------------
 There are 0 generated clocks that are not connected to a clock source.


9. checking loops (0)
---------------------
 There are 0 combinational loops in the design.


10. checking partial_input_delay (0)
------------------------------------
 There are 0 input ports with partial input delay specified.


11. checking partial_output_delay (0)
-------------------------------------
 There are 0 ports with partial output delay specified.


12. checking latch_loops (0)
----------------------------
 There are 0 combinational latch loops in the design through latch input



------------------------------------------------------------------------------------------------
| Design Timing Summary
| ---------------------
------------------------------------------------------------------------------------------------

    WNS(ns)      TNS(ns)  TNS Failing Endpoints  TNS Total Endpoints      WHS(ns)      THS(ns)  THS Failing Endpoints  THS Total Endpoints     WPWS(ns)     TPWS(ns)  TPWS Failing Endpoints  TPWS Total Endpoints  
    -------      -------  ---------------------  -------------------      -------      -------  ---------------------  -------------------     --------     --------  ----------------------  --------------------  
     -5.127   -90326.148                  39128                68954        0.030        0.000                      0                68954        3.750        0.000                       0                 20121  


Timing constraints are not met.


------------------------------------------------------------------------------------------------
| Clock Summary
| -------------
------------------------------------------------------------------------------------------------

Clock        Waveform(ns)       Period(ns)      Frequency(MHz)
-----        ------------       ----------      --------------
sys_clk_pin  {0.000 5.000}      10.000          100.000         


------------------------------------------------------------------------------------------------
| Intra Clock Table
| -----------------
------------------------------------------------------------------------------------------------

Clock             WNS(ns)      TNS(ns)  TNS Failing Endpoints  TNS Total Endpoints      WHS(ns)      THS(ns)  THS Failing Endpoints  THS Total Endpoints     WPWS(ns)     TPWS(ns)  TPWS Failing Endpoints  TPWS Total Endpoints  
-----             -------      -------  ---------------------  -------------------      -------      -------  ---------------------  -------------------     --------     --------  ----------------------  --------------------  
sys_clk_pin        -5.127   -90326.148                  39128                51919        0.030        0.000                      0                51919        3.750        0.000                       0                 20121  


------------------------------------------------------------------------------------------------
| Inter Clock Table
| -----------------
------------------------------------------------------------------------------------------------

From Clock    To Clock          WNS(ns)      TNS(ns)  TNS Failing Endpoints  TNS Total Endpoints      WHS(ns)      THS(ns)  THS Failing Endpoints  THS Total Endpoints  
----------    --------          -------      -------  ---------------------  -------------------      -------      -------  ---------------------  -------------------  


------------------------------------------------------------------------------------------------
| Other Path Groups Table
| -----------------------
------------------------------------------------------------------------------------------------

Path Group         From Clock         To Clock               WNS(ns)      TNS(ns)  TNS Failing Endpoints  TNS Total Endpoints      WHS(ns)      THS(ns)  THS Failing Endpoints  THS Total Endpoints  
----------         ----------         --------               -------      -------  ---------------------  -------------------      -------      -------  ---------------------  -------------------  
**async_default**  sys_clk_pin        sys_clk_pin              0.019        0.000                      0                17035        0.651        0.000                      0                17035  


------------------------------------------------------------------------------------------------
| Timing Details
| --------------
------------------------------------------------------------------------------------------------


---------------------------------------------------------------------------------------------------
From Clock:  sys_clk_pin
  To Clock:  sys_clk_pin

Setup :        39128  Failing Endpoints,  Worst Slack       -5.127ns,  Total Violation   -90326.146ns
Hold  :            0  Failing Endpoints,  Worst Slack        0.030ns,  Total Violation        0.000ns
PW    :            0  Failing Endpoints,  Worst Slack        3.750ns,  Total Violation        0.000ns
---------------------------------------------------------------------------------------------------


Max Delay Paths
--------------------------------------------------------------------------------------
Slack (VIOLATED) :        -5.127ns  (required time - arrival time)
  Source:                 i_soc/i_cutie/cutie_i/LUCA/current_layer_done_q_reg/C
                            (rising edge-triggered cell FDCE clocked by sys_clk_pin  {rise@0.000ns fall@5.000ns period=10.000ns})
  Destination:            i_soc/i_cutie/cutie_i/actmem/actmem/tcn_mem_bypass/genblk1[3].mem/ram_bank/ram_reg_0_63_0_0__12/DP/I
                            (rising edge-triggered cell RAMD64E clocked by sys_clk_pin  {rise@0.000ns fall@5.000ns period=10.000ns})
  Path Group:             sys_clk_pin
  Path Type:              Setup (Max at Slow Process Corner)
  Requirement:            10.000ns  (sys_clk_pin rise@10.000ns - sys_clk_pin rise@0.000ns)
  Data Path Delay:        15.251ns  (logic 3.942ns (25.848%)  route 11.309ns (74.152%))
  Logic Levels:           17  (CARRY4=3 LUT2=1 LUT3=1 LUT4=2 LUT5=5 LUT6=4 MUXF7=1)
  Clock Path Skew:        0.781ns (DCD - SCD + CPR)
    Destination Clock Delay (DCD):    5.829ns = ( 15.829 - 10.000 ) 
    Source Clock Delay      (SCD):    5.228ns
    Clock Pessimism Removal (CPR):    0.180ns
  Clock Uncertainty:      0.035ns  ((TSJ^2 + TIJ^2)^1/2 + DJ) / 2 + PE
    Total System Jitter     (TSJ):    0.071ns
    Total Input Jitter      (TIJ):    0.000ns
    Discrete Jitter          (DJ):    0.000ns
    Phase Error              (PE):    0.000ns

    Location             Delay type                Incr(ns)  Path(ns)    Netlist Resource(s)
  -------------------------------------------------------------------    -------------------
                         (clock sys_clk_pin rise edge)
                                                      0.000     0.000 r  
    E3                                                0.000     0.000 r  clk_i (IN)
                         net (fo=0)                   0.000     0.000    clk_i
    E3                   IBUF (Prop_ibuf_I_O)         1.482     1.482 r  clk_i_IBUF_inst/O
                         net (fo=1, routed)           2.025     3.506    clk_i_IBUF
    BUFGCTRL_X0Y20       BUFG (Prop_bufg_I_O)         0.096     3.602 r  clk_i_IBUF_BUFG_inst_replica_3/O
                         net (fo=6, routed)           1.625     5.228    i_soc/i_cutie/cutie_i/LUCA/clk_i_IBUF_BUFG_repN_3_alias
    SLICE_X62Y65         FDCE                                         r  i_soc/i_cutie/cutie_i/LUCA/current_layer_done_q_reg/C
  -------------------------------------------------------------------    -------------------
    SLICE_X62Y65         FDCE (Prop_fdce_C_Q)         0.518     5.746 r  i_soc/i_cutie/cutie_i/LUCA/current_layer_done_q_reg/Q
                         net (fo=5, routed)           0.667     6.413    i_soc/i_cutie/cutie_i/LUCA/current_layer_done_q
    SLICE_X62Y65         LUT5 (Prop_lut5_I0_O)        0.124     6.537 r  i_soc/i_cutie/cutie_i/LUCA/compute_done_o_INST_0/O
                         net (fo=7, routed)           0.337     6.873    i_soc/i_cutie/cutie_i/LUCA/compute_done_o
    SLICE_X64Y66         LUT4 (Prop_lut4_I1_O)        0.124     6.997 f  i_soc/i_cutie/cutie_i/LUCA/compute_latch_new_layer_o_INST_0/O
                         net (fo=711, routed)         0.622     7.620    i_soc/i_cutie/cutie_i/ocu_controller/latch_new_layer_i
    SLICE_X63Y66         LUT5 (Prop_lut5_I0_O)        0.124     7.744 r  i_soc/i_cutie/cutie_i/ocu_controller/compute_enable_o[1]_INST_0/O
                         net (fo=584, routed)         1.151     8.895    i_soc/i_cutie/cutie_i/pipeline[1].compute_block[2].OCU/compute_enable_i
    SLICE_X65Y66         LUT5 (Prop_lut5_I2_O)        0.124     9.019 r  i_soc/i_cutie/cutie_i/pipeline[1].compute_block[2].OCU/pooling_fifo_i_20/O
                         net (fo=6, routed)           0.461     9.480    i_soc/i_cutie/cutie_i/pipeline[1].compute_block[2].OCU/alu_data_in_1[1]
    SLICE_X63Y67         LUT5 (Prop_lut5_I2_O)        0.124     9.604 r  i_soc/i_cutie/cutie_i/pipeline[1].compute_block[2].OCU/pooling_fifo_i_33/O
                         net (fo=1, routed)           0.000     9.604    i_soc/i_cutie/cutie_i/pipeline[1].compute_block[2].OCU/pooling_fifo_i_33_n_0
    SLICE_X63Y67         CARRY4 (Prop_carry4_S[0]_CO[3])
                                                      0.532    10.136 r  i_soc/i_cutie/cutie_i/pipeline[1].compute_block[2].OCU/pooling_fifo_i_13/CO[3]
                         net (fo=36, routed)          1.191    11.328    i_soc/i_cutie/cutie_i/pipeline[1].compute_block[2].OCU/pooling_fifo_i_13_n_0
    SLICE_X63Y68         LUT4 (Prop_lut4_I1_O)        0.124    11.452 r  i_soc/i_cutie/cutie_i/pipeline[1].compute_block[2].OCU/out_o[1]_INST_0_i_27/O
                         net (fo=4, routed)           0.997    12.448    i_soc/i_cutie/cutie_i/pipeline[1].compute_block[2].OCU/out_o[1]_INST_0_i_27_n_0
    SLICE_X65Y70         LUT6 (Prop_lut6_I1_O)        0.124    12.572 r  i_soc/i_cutie/cutie_i/pipeline[1].compute_block[2].OCU/out_o[1]_INST_0_i_18/O
                         net (fo=1, routed)           0.613    13.185    i_soc/i_cutie/cutie_i/pipeline[1].compute_block[2].OCU/out_o[1]_INST_0_i_18_n_0
    SLICE_X60Y74         CARRY4 (Prop_carry4_DI[3]_CO[3])
                                                      0.396    13.581 r  i_soc/i_cutie/cutie_i/pipeline[1].compute_block[2].OCU/out_o[1]_INST_0_i_6/CO[3]
                         net (fo=1, routed)           0.009    13.590    i_soc/i_cutie/cutie_i/pipeline[1].compute_block[2].OCU/out_o[1]_INST_0_i_6_n_0
    SLICE_X60Y75         CARRY4 (Prop_carry4_CI_CO[0])
                                                      0.254    13.844 f  i_soc/i_cutie/cutie_i/pipeline[1].compute_block[2].OCU/out_o[1]_INST_0_i_2/CO[0]
                         net (fo=2, routed)           0.810    14.654    i_soc/i_cutie/cutie_i/pipeline[1].compute_block[2].OCU/out_o[1]_INST_0_i_2_n_3
    SLICE_X67Y67         LUT2 (Prop_lut2_I1_O)        0.367    15.021 r  i_soc/i_cutie/cutie_i/pipeline[1].compute_block[2].OCU/out_o[1]_INST_0/O
                         net (fo=34, routed)          1.614    16.635    i_soc/i_cutie/cutie_i/encoderbank[1].encodermodule[0].enc/encoder_i[5]
    SLICE_X74Y59         LUT5 (Prop_lut5_I1_O)        0.124    16.759 r  i_soc/i_cutie/cutie_i/encoderbank[1].encodermodule[0].enc/encoder_o[5]_INST_0_i_8/O
                         net (fo=1, routed)           0.000    16.759    i_soc/i_cutie/cutie_i/encoderbank[1].encodermodule[0].enc/encoder_o[5]_INST_0_i_8_n_0
    SLICE_X74Y59         MUXF7 (Prop_muxf7_I1_O)      0.214    16.973 r  i_soc/i_cutie/cutie_i/encoderbank[1].encodermodule[0].enc/encoder_o[5]_INST_0_i_2/O
                         net (fo=1, routed)           0.812    17.785    i_soc/i_cutie/cutie_i/encoderbank[1].encodermodule[0].enc/encoder_o[5]_INST_0_i_2_n_0
    SLICE_X73Y58         LUT6 (Prop_lut6_I1_O)        0.297    18.082 r  i_soc/i_cutie/cutie_i/encoderbank[1].encodermodule[0].enc/encoder_o[5]_INST_0/O
                         net (fo=5, routed)           0.552    18.634    i_soc/i_cutie/cutie_i/actmem_write_ctrl/wdata_i[1][13]
    SLICE_X69Y58         LUT3 (Prop_lut3_I2_O)        0.124    18.758 r  i_soc/i_cutie/cutie_i/actmem_write_ctrl/wdata_o[3][13]_INST_0_i_1/O
                         net (fo=2, routed)           0.315    19.073    i_soc/i_cutie/cutie_i/actmem_write_ctrl/wdata_o[3][13]_INST_0_i_1_n_0
    SLICE_X67Y58         LUT6 (Prop_lut6_I5_O)        0.124    19.197 r  i_soc/i_cutie/cutie_i/actmem_write_ctrl/wdata_o[3][13]_INST_0/O
                         net (fo=1, routed)           0.490    19.687    i_soc/i_cutie/cutie_i/actmem/wdata_i[3][13]
    SLICE_X63Y55         LUT6 (Prop_lut6_I5_O)        0.124    19.811 r  i_soc/i_cutie/cutie_i/actmem/actmem_i_51/O
                         net (fo=12, routed)          0.667    20.478    i_soc/i_cutie/cutie_i/actmem/actmem/tcn_mem_bypass/genblk1[3].mem/ram_bank/ram_reg_0_63_0_0__12/D
    SLICE_X60Y50         RAMD64E                                      r  i_soc/i_cutie/cutie_i/actmem/actmem/tcn_mem_bypass/genblk1[3].mem/ram_bank/ram_reg_0_63_0_0__12/DP/I
  -------------------------------------------------------------------    -------------------

                         (clock sys_clk_pin rise edge)
                                                     10.000    10.000 r  
    E3                                                0.000    10.000 r  clk_i (IN)
                         net (fo=0)                   0.000    10.000    clk_i
    E3                   IBUF (Prop_ibuf_I_O)         1.411    11.411 r  clk_i_IBUF_inst/O
                         net (fo=1, routed)           1.920    13.331    clk_i_IBUF
    BUFGCTRL_X0Y20       BUFG (Prop_bufg_I_O)         0.091    13.422 r  clk_i_IBUF_BUFG_inst_replica_3/O
                         net (fo=6, routed)           0.133    13.555    clk_i_IBUF_BUFG_repN_3
    BUFGCTRL_X0Y19       BUFG (Prop_bufg_I_O)         0.091    13.646 r  clk_i_IBUF_BUFG_inst_replica_2/O
                         net (fo=10, routed)          0.133    13.779    clk_i_IBUF_BUFG_repN_2
    BUFGCTRL_X0Y18       BUFG (Prop_bufg_I_O)         0.091    13.870 r  clk_i_IBUF_BUFG_inst_replica_1/O
                         net (fo=19, routed)          0.133    14.003    clk_i_IBUF_BUFG_repN_1
    BUFGCTRL_X0Y17       BUFG (Prop_bufg_I_O)         0.091    14.094 r  clk_i_IBUF_BUFG_inst_replica/O
                         net (fo=78, routed)          0.133    14.227    clk_i_IBUF_BUFG_repN
    BUFGCTRL_X0Y16       BUFG (Prop_bufg_I_O)         0.091    14.318 r  clk_i_IBUF_BUFG_inst/O
                         net (fo=20007, routed)       1.510    15.829    i_soc/i_cutie/cutie_i/actmem/actmem/tcn_mem_bypass/genblk1[3].mem/ram_bank/ram_reg_0_63_0_0__12/WCLK
    SLICE_X60Y50         RAMD64E                                      r  i_soc/i_cutie/cutie_i/actmem/actmem/tcn_mem_bypass/genblk1[3].mem/ram_bank/ram_reg_0_63_0_0__12/DP/CLK
                         clock pessimism              0.180    16.009    
                         clock uncertainty           -0.035    15.973    
    SLICE_X60Y50         RAMD64E (Setup_ramd64e_CLK_I)
                                                     -0.622    15.351    i_soc/i_cutie/cutie_i/actmem/actmem/tcn_mem_bypass/genblk1[3].mem/ram_bank/ram_reg_0_63_0_0__12/DP
  -------------------------------------------------------------------
                         required time                         15.351    
                         arrival time                         -20.478    
  -------------------------------------------------------------------
                         slack                                 -5.127    





Min Delay Paths
--------------------------------------------------------------------------------------
Slack (MET) :             0.030ns  (arrival time - required time)
  Source:                 i_soc/i_cutie/cutie_i/pipeline[1].compute_block[0].OCU/pooling_fifo/write_pointer_q_reg[0]/C
                            (rising edge-triggered cell FDCE clocked by sys_clk_pin  {rise@0.000ns fall@5.000ns period=10.000ns})
  Destination:            i_soc/i_cutie/cutie_i/pipeline[1].compute_block[0].OCU/pooling_fifo/write_pointer_q_reg[2]/D
                            (rising edge-triggered cell FDCE clocked by sys_clk_pin  {rise@0.000ns fall@5.000ns period=10.000ns})
  Path Group:             sys_clk_pin
  Path Type:              Hold (Min at Fast Process Corner)
  Requirement:            0.000ns  (sys_clk_pin rise@0.000ns - sys_clk_pin rise@0.000ns)
  Data Path Delay:        0.471ns  (logic 0.187ns (39.672%)  route 0.284ns (60.328%))
  Logic Levels:           1  (LUT4=1)
  Clock Path Skew:        0.334ns (DCD - SCD - CPR)
    Destination Clock Delay (DCD):    2.256ns
    Source Clock Delay      (SCD):    1.658ns
    Clock Pessimism Removal (CPR):    0.263ns

    Location             Delay type                Incr(ns)  Path(ns)    Netlist Resource(s)
  -------------------------------------------------------------------    -------------------
                         (clock sys_clk_pin rise edge)
                                                      0.000     0.000 r  
    E3                                                0.000     0.000 r  clk_i (IN)
                         net (fo=0)                   0.000     0.000    clk_i
    E3                   IBUF (Prop_ibuf_I_O)         0.250     0.250 r  clk_i_IBUF_inst/O
                         net (fo=1, routed)           0.644     0.894    clk_i_IBUF
    BUFGCTRL_X0Y20       BUFG (Prop_bufg_I_O)         0.026     0.920 r  clk_i_IBUF_BUFG_inst_replica_3/O
                         net (fo=6, routed)           0.030     0.950    clk_i_IBUF_BUFG_repN_3
    BUFGCTRL_X0Y19       BUFG (Prop_bufg_I_O)         0.026     0.976 r  clk_i_IBUF_BUFG_inst_replica_2/O
                         net (fo=10, routed)          0.030     1.006    clk_i_IBUF_BUFG_repN_2
    BUFGCTRL_X0Y18       BUFG (Prop_bufg_I_O)         0.026     1.032 r  clk_i_IBUF_BUFG_inst_replica_1/O
                         net (fo=19, routed)          0.030     1.062    clk_i_IBUF_BUFG_repN_1
    BUFGCTRL_X0Y17       BUFG (Prop_bufg_I_O)         0.026     1.088 r  clk_i_IBUF_BUFG_inst_replica/O
                         net (fo=78, routed)          0.571     1.658    i_soc/i_cutie/cutie_i/pipeline[1].compute_block[0].OCU/pooling_fifo/clk_i_IBUF_BUFG_repN_alias
    SLICE_X33Y53         FDCE                                         r  i_soc/i_cutie/cutie_i/pipeline[1].compute_block[0].OCU/pooling_fifo/write_pointer_q_reg[0]/C
  -------------------------------------------------------------------    -------------------
    SLICE_X33Y53         FDCE (Prop_fdce_C_Q)         0.141     1.799 r  i_soc/i_cutie/cutie_i/pipeline[1].compute_block[0].OCU/pooling_fifo/write_pointer_q_reg[0]/Q
                         net (fo=11, routed)          0.284     2.084    i_soc/i_cutie/cutie_i/pipeline[1].compute_block[0].OCU/pooling_fifo/write_pointer_q[0]
    SLICE_X33Y51         LUT4 (Prop_lut4_I1_O)        0.046     2.130 r  i_soc/i_cutie/cutie_i/pipeline[1].compute_block[0].OCU/pooling_fifo/write_pointer_q[2]_i_1/O
                         net (fo=1, routed)           0.000     2.130    i_soc/i_cutie/cutie_i/pipeline[1].compute_block[0].OCU/pooling_fifo/write_pointer_q[2]_i_1_n_0
    SLICE_X33Y51         FDCE                                         r  i_soc/i_cutie/cutie_i/pipeline[1].compute_block[0].OCU/pooling_fifo/write_pointer_q_reg[2]/D
  -------------------------------------------------------------------    -------------------

                         (clock sys_clk_pin rise edge)
                                                      0.000     0.000 r  
    E3                                                0.000     0.000 r  clk_i (IN)
                         net (fo=0)                   0.000     0.000    clk_i
    E3                   IBUF (Prop_ibuf_I_O)         0.438     0.438 r  clk_i_IBUF_inst/O
                         net (fo=1, routed)           0.699     1.136    clk_i_IBUF
    BUFGCTRL_X0Y20       BUFG (Prop_bufg_I_O)         0.029     1.165 r  clk_i_IBUF_BUFG_inst_replica_3/O
                         net (fo=6, routed)           0.033     1.198    clk_i_IBUF_BUFG_repN_3
    BUFGCTRL_X0Y19       BUFG (Prop_bufg_I_O)         0.029     1.227 r  clk_i_IBUF_BUFG_inst_replica_2/O
                         net (fo=10, routed)          0.033     1.260    clk_i_IBUF_BUFG_repN_2
    BUFGCTRL_X0Y18       BUFG (Prop_bufg_I_O)         0.029     1.289 r  clk_i_IBUF_BUFG_inst_replica_1/O
                         net (fo=19, routed)          0.033     1.322    clk_i_IBUF_BUFG_repN_1
    BUFGCTRL_X0Y17       BUFG (Prop_bufg_I_O)         0.029     1.351 r  clk_i_IBUF_BUFG_inst_replica/O
                         net (fo=78, routed)          0.033     1.384    clk_i_IBUF_BUFG_repN
    BUFGCTRL_X0Y16       BUFG (Prop_bufg_I_O)         0.029     1.413 r  clk_i_IBUF_BUFG_inst/O
                         net (fo=20007, routed)       0.843     2.256    i_soc/i_cutie/cutie_i/pipeline[1].compute_block[0].OCU/pooling_fifo/clk_i
    SLICE_X33Y51         FDCE                                         r  i_soc/i_cutie/cutie_i/pipeline[1].compute_block[0].OCU/pooling_fifo/write_pointer_q_reg[2]/C
                         clock pessimism             -0.263     1.992    
    SLICE_X33Y51         FDCE (Hold_fdce_C_D)         0.107     2.099    i_soc/i_cutie/cutie_i/pipeline[1].compute_block[0].OCU/pooling_fifo/write_pointer_q_reg[2]
  -------------------------------------------------------------------
                         required time                         -2.099    
                         arrival time                           2.130    
  -------------------------------------------------------------------
                         slack                                  0.030    





Pulse Width Checks
--------------------------------------------------------------------------------------
Clock Name:         sys_clk_pin
Waveform(ns):       { 0.000 5.000 }
Period(ns):         10.000
Sources:            { clk_i }

Check Type        Corner  Lib Pin             Reference Pin  Required(ns)  Actual(ns)  Slack(ns)  Location      Pin
Min Period        n/a     RAMB36E1/CLKARDCLK  n/a            3.363         10.000      6.637      RAMB36_X2Y4   i_soc/i_data_mem/ram_reg_0_0/CLKARDCLK
Low Pulse Width   Slow    RAMD32/CLK          n/a            1.250         5.000       3.750      SLICE_X76Y47  i_soc/i_cutie/cutie_i/actmem/actmem/genblk1[0].mem/genblk1[0].mem/ram_bank/ram_reg_0_15_0_0/DP/CLK
High Pulse Width  Slow    RAMD32/CLK          n/a            1.250         5.000       3.750      SLICE_X76Y47  i_soc/i_cutie/cutie_i/actmem/actmem/genblk1[0].mem/genblk1[0].mem/ram_bank/ram_reg_0_15_0_0/DP/CLK



---------------------------------------------------------------------------------------------------
Path Group:  **async_default**
From Clock:  sys_clk_pin
  To Clock:  sys_clk_pin

Setup :            0  Failing Endpoints,  Worst Slack        0.019ns,  Total Violation        0.000ns
Hold  :            0  Failing Endpoints,  Worst Slack        0.651ns,  Total Violation        0.000ns
---------------------------------------------------------------------------------------------------


Max Delay Paths
--------------------------------------------------------------------------------------
Slack (MET) :             0.019ns  (required time - arrival time)
  Source:                 i_soc/rst_n_q_reg/C
                            (rising edge-triggered cell FDCE clocked by sys_clk_pin  {rise@0.000ns fall@5.000ns period=10.000ns})
  Destination:            i_soc/i_cutie/cutie_i/acts_buffer_q_reg[2][1][10][1]/CLR
                            (recovery check against rising-edge clock sys_clk_pin  {rise@0.000ns fall@5.000ns period=10.000ns})
  Path Group:             **async_default**
  Path Type:              Recovery (Max at Slow Process Corner)
  Requirement:            10.000ns  (sys_clk_pin rise@10.000ns - sys_clk_pin rise@0.000ns)
  Data Path Delay:        9.217ns  (logic 0.573ns (6.217%)  route 8.644ns (93.783%))
  Logic Levels:           1  (LUT1=1)
  Clock Path Skew:        -0.116ns (DCD - SCD + CPR)
    Destination Clock Delay (DCD):    5.812ns = ( 15.812 - 10.000 ) 
    Source Clock Delay      (SCD):    6.164ns
    Clock Pessimism Removal (CPR):    0.236ns
  Clock Uncertainty:      0.035ns  ((TSJ^2 + TIJ^2)^1/2 + DJ) / 2 + PE
    Total System Jitter     (TSJ):    0.071ns
    Total Input Jitter      (TIJ):    0.000ns
    Discrete Jitter          (DJ):    0.000ns
    Phase Error              (PE):    0.000ns

    Location             Delay type                Incr(ns)  Path(ns)    Netlist Resource(s)
  -------------------------------------------------------------------    -------------------
                         (clock sys_clk_pin rise edge)
                                                      0.000     0.000 r  
    E3                                                0.000     0.000 r  clk_i (IN)
                         net (fo=0)                   0.000     0.000    clk_i
    E3                   IBUF (Prop_ibuf_I_O)         1.482     1.482 r  clk_i_IBUF_inst/O
                         net (fo=1, routed)           2.025     3.506    clk_i_IBUF
    BUFGCTRL_X0Y20       BUFG (Prop_bufg_I_O)         0.096     3.602 r  clk_i_IBUF_BUFG_inst_replica_3/O
                         net (fo=6, routed)           0.140     3.742    clk_i_IBUF_BUFG_repN_3
    BUFGCTRL_X0Y19       BUFG (Prop_bufg_I_O)         0.096     3.838 r  clk_i_IBUF_BUFG_inst_replica_2/O
                         net (fo=10, routed)          0.140     3.978    clk_i_IBUF_BUFG_repN_2
    BUFGCTRL_X0Y18       BUFG (Prop_bufg_I_O)         0.096     4.074 r  clk_i_IBUF_BUFG_inst_replica_1/O
                         net (fo=19, routed)          0.140     4.214    clk_i_IBUF_BUFG_repN_1
    BUFGCTRL_X0Y17       BUFG (Prop_bufg_I_O)         0.096     4.310 r  clk_i_IBUF_BUFG_inst_replica/O
                         net (fo=78, routed)          0.140     4.450    clk_i_IBUF_BUFG_repN
    BUFGCTRL_X0Y16       BUFG (Prop_bufg_I_O)         0.096     4.546 r  clk_i_IBUF_BUFG_inst/O
                         net (fo=20007, routed)       1.618     6.164    i_soc/clk_i
    SLICE_X29Y116        FDCE                                         r  i_soc/rst_n_q_reg/C
  -------------------------------------------------------------------    -------------------
    SLICE_X29Y116        FDCE (Prop_fdce_C_Q)         0.456     6.620 r  i_soc/rst_n_q_reg/Q
                         net (fo=302, routed)         0.997     7.618    i_soc/i_cutie/cutie_i/rst_ni
    SLICE_X33Y104        LUT1 (Prop_lut1_I0_O)        0.117     7.735 f  i_soc/i_cutie/cutie_i/weightmemory_external_bank_q[3]_i_1/O
                         net (fo=590, routed)         7.646    15.381    i_soc/i_cutie/cutie_i/weightmemory_external_bank_q[3]_i_1_n_0
    SLICE_X64Y140        FDCE                                         f  i_soc/i_cutie/cutie_i/acts_buffer_q_reg[2][1][10][1]/CLR
  -------------------------------------------------------------------    -------------------

                         (clock sys_clk_pin rise edge)
                                                     10.000    10.000 r  
    E3                                                0.000    10.000 r  clk_i (IN)
                         net (fo=0)                   0.000    10.000    clk_i
    E3                   IBUF (Prop_ibuf_I_O)         1.411    11.411 r  clk_i_IBUF_inst/O
                         net (fo=1, routed)           1.920    13.331    clk_i_IBUF
    BUFGCTRL_X0Y20       BUFG (Prop_bufg_I_O)         0.091    13.422 r  clk_i_IBUF_BUFG_inst_replica_3/O
                         net (fo=6, routed)           0.133    13.555    clk_i_IBUF_BUFG_repN_3
    BUFGCTRL_X0Y19       BUFG (Prop_bufg_I_O)         0.091    13.646 r  clk_i_IBUF_BUFG_inst_replica_2/O
                         net (fo=10, routed)          0.133    13.779    clk_i_IBUF_BUFG_repN_2
    BUFGCTRL_X0Y18       BUFG (Prop_bufg_I_O)         0.091    13.870 r  clk_i_IBUF_BUFG_inst_replica_1/O
                         net (fo=19, routed)          0.133    14.003    clk_i_IBUF_BUFG_repN_1
    BUFGCTRL_X0Y17       BUFG (Prop_bufg_I_O)         0.091    14.094 r  clk_i_IBUF_BUFG_inst_replica/O
                         net (fo=78, routed)          0.133    14.227    clk_i_IBUF_BUFG_repN
    BUFGCTRL_X0Y16       BUFG (Prop_bufg_I_O)         0.091    14.318 r  clk_i_IBUF_BUFG_inst/O
                         net (fo=20007, routed)       1.494    15.812    i_soc/i_cutie/cutie_i/clk_i
    SLICE_X64Y140        FDCE                                         r  i_soc/i_cutie/cutie_i/acts_buffer_q_reg[2][1][10][1]/C
                         clock pessimism              0.236    16.048    
                         clock uncertainty           -0.035    16.013    
    SLICE_X64Y140        FDCE (Recov_fdce_C_CLR)     -0.613    15.400    i_soc/i_cutie/cutie_i/acts_buffer_q_reg[2][1][10][1]
  -------------------------------------------------------------------
                         required time                         15.400    
                         arrival time                         -15.381    
  -------------------------------------------------------------------
                         slack                                  0.019    





Min Delay Paths
--------------------------------------------------------------------------------------
Slack (MET) :             0.651ns  (arrival time - required time)
  Source:                 i_soc/rst_n_q_reg_replica_1/C
                            (rising edge-triggered cell FDCE clocked by sys_clk_pin  {rise@0.000ns fall@5.000ns period=10.000ns})
  Destination:            i_soc/i_cutie/cutie_i/pipeline[1].compute_block[7].weightmemory_internal_wrapper/weightmem/mem_bank/collision_q_reg/CLR
                            (removal check against rising-edge clock sys_clk_pin  {rise@0.000ns fall@5.000ns period=10.000ns})
  Path Group:             **async_default**
  Path Type:              Removal (Min at Fast Process Corner)
  Requirement:            0.000ns  (sys_clk_pin rise@0.000ns - sys_clk_pin rise@0.000ns)
  Data Path Delay:        0.800ns  (logic 0.183ns (22.875%)  route 0.617ns (77.125%))
  Logic Levels:           1  (LUT1=1)
  Clock Path Skew:        0.278ns (DCD - SCD - CPR)
    Destination Clock Delay (DCD):    2.252ns
    Source Clock Delay      (SCD):    1.704ns
    Clock Pessimism Removal (CPR):    0.269ns

    Location             Delay type                Incr(ns)  Path(ns)    Netlist Resource(s)
  -------------------------------------------------------------------    -------------------
                         (clock sys_clk_pin rise edge)
                                                      0.000     0.000 r  
    E3                                                0.000     0.000 r  clk_i (IN)
                         net (fo=0)                   0.000     0.000    clk_i
    E3                   IBUF (Prop_ibuf_I_O)         0.250     0.250 r  clk_i_IBUF_inst/O
                         net (fo=1, routed)           0.644     0.894    clk_i_IBUF
    BUFGCTRL_X0Y20       BUFG (Prop_bufg_I_O)         0.026     0.920 r  clk_i_IBUF_BUFG_inst_replica_3/O
                         net (fo=6, routed)           0.030     0.950    clk_i_IBUF_BUFG_repN_3
    BUFGCTRL_X0Y19       BUFG (Prop_bufg_I_O)         0.026     0.976 r  clk_i_IBUF_BUFG_inst_replica_2/O
                         net (fo=10, routed)          0.030     1.006    clk_i_IBUF_BUFG_repN_2
    BUFGCTRL_X0Y18       BUFG (Prop_bufg_I_O)         0.026     1.032 r  clk_i_IBUF_BUFG_inst_replica_1/O
                         net (fo=19, routed)          0.030     1.062    clk_i_IBUF_BUFG_repN_1
    BUFGCTRL_X0Y17       BUFG (Prop_bufg_I_O)         0.026     1.088 r  clk_i_IBUF_BUFG_inst_replica/O
                         net (fo=78, routed)          0.030     1.118    clk_i_IBUF_BUFG_repN
    BUFGCTRL_X0Y16       BUFG (Prop_bufg_I_O)         0.026     1.144 r  clk_i_IBUF_BUFG_inst/O
                         net (fo=20007, routed)       0.561     1.704    i_soc/clk_i
    SLICE_X69Y107        FDCE                                         r  i_soc/rst_n_q_reg_replica_1/C
  -------------------------------------------------------------------    -------------------
    SLICE_X69Y107        FDCE (Prop_fdce_C_Q)         0.141     1.845 r  i_soc/rst_n_q_reg_replica_1/Q
                         net (fo=260, routed)         0.364     2.209    i_soc/i_cutie/cutie_i/pipeline[1].compute_block[7].weightmemory_internal_wrapper/weightmem/mem_bank/rst_n_q_repN_1_alias
    SLICE_X69Y100        LUT1 (Prop_lut1_I0_O)        0.042     2.251 f  i_soc/i_cutie/cutie_i/pipeline[1].compute_block[7].weightmemory_internal_wrapper/weightmem/mem_bank/prev_ready_i_2/O
                         net (fo=2, routed)           0.253     2.504    i_soc/i_cutie/cutie_i/pipeline[1].compute_block[7].weightmemory_internal_wrapper/weightmem/mem_bank/prev_ready_i_2_n_0
    SLICE_X70Y91         FDCE                                         f  i_soc/i_cutie/cutie_i/pipeline[1].compute_block[7].weightmemory_internal_wrapper/weightmem/mem_bank/collision_q_reg/CLR
  -------------------------------------------------------------------    -------------------

                         (clock sys_clk_pin rise edge)
                                                      0.000     0.000 r  
    E3                                                0.000     0.000 r  clk_i (IN)
                         net (fo=0)                   0.000     0.000    clk_i
    E3                   IBUF (Prop_ibuf_I_O)         0.438     0.438 r  clk_i_IBUF_inst/O
                         net (fo=1, routed)           0.699     1.136    clk_i_IBUF
    BUFGCTRL_X0Y20       BUFG (Prop_bufg_I_O)         0.029     1.165 r  clk_i_IBUF_BUFG_inst_replica_3/O
                         net (fo=6, routed)           0.033     1.198    clk_i_IBUF_BUFG_repN_3
    BUFGCTRL_X0Y19       BUFG (Prop_bufg_I_O)         0.029     1.227 r  clk_i_IBUF_BUFG_inst_replica_2/O
                         net (fo=10, routed)          0.033     1.260    clk_i_IBUF_BUFG_repN_2
    BUFGCTRL_X0Y18       BUFG (Prop_bufg_I_O)         0.029     1.289 r  clk_i_IBUF_BUFG_inst_replica_1/O
                         net (fo=19, routed)          0.033     1.322    clk_i_IBUF_BUFG_repN_1
    BUFGCTRL_X0Y17       BUFG (Prop_bufg_I_O)         0.029     1.351 r  clk_i_IBUF_BUFG_inst_replica/O
                         net (fo=78, routed)          0.033     1.384    clk_i_IBUF_BUFG_repN
    BUFGCTRL_X0Y16       BUFG (Prop_bufg_I_O)         0.029     1.413 r  clk_i_IBUF_BUFG_inst/O
                         net (fo=20007, routed)       0.839     2.252    i_soc/i_cutie/cutie_i/pipeline[1].compute_block[7].weightmemory_internal_wrapper/weightmem/mem_bank/clk_i
    SLICE_X70Y91         FDCE                                         r  i_soc/i_cutie/cutie_i/pipeline[1].compute_block[7].weightmemory_internal_wrapper/weightmem/mem_bank/collision_q_reg/C
                         clock pessimism             -0.269     1.982    
    SLICE_X70Y91         FDCE (Remov_fdce_C_CLR)     -0.129     1.853    i_soc/i_cutie/cutie_i/pipeline[1].compute_block[7].weightmemory_internal_wrapper/weightmem/mem_bank/collision_q_reg
  -------------------------------------------------------------------
                         required time                         -1.853    
                         arrival time                           2.504    
  -------------------------------------------------------------------
                         slack                                  0.651    





